==617525== Memcheck, a memory error detector
==617525== Copyright (C) 2002-2024, and GNU GPL'd, by Julian Seward et al.
==617525== Using Valgrind-3.25.1 and LibVEX; rerun with -h for copyright info
==617525== Command: ./vulkan_engine
==617525== 
==617525== Memcheck, a memory error detector
==617525== Copyright (C) 2002-2024, and GNU GPL'd, by Julian Seward et al.
==617525== Using Valgrind-3.25.1 and LibVEX; rerun with -h for copyright info
==617525== Command: ./vulkan_engine
==617525== 
==617525== 
==617525== HEAP SUMMARY:
==617525==     in use at exit: 27,964 bytes in 4 blocks
==617525==   total heap usage: 203 allocs, 199 frees, 106,941 bytes allocated
==617525== 
==617525== 
==617525== HEAP SUMMARY:
==617525==     in use at exit: 27,964 bytes in 4 blocks
==617525==   total heap usage: 203 allocs, 199 frees, 106,941 bytes allocated
==617525== 
==617525== 32 bytes in 1 blocks are definitely lost in loss record 2 of 4
==617525==    at 0x484F7A8: malloc (vg_replace_malloc.c:446)
==617525==    by 0x48FEBC3: UnknownInlinedFun (xcb_in.c:265)
==617525==    by 0x48FEBC3: _xcb_in_read (xcb_in.c:1042)
==617525==    by 0x48FF3AE: _xcb_conn_wait.part.0 (xcb_conn.c:546)
==617525==    by 0x48FF90F: UnknownInlinedFun (xcb_conn.c:476)
==617525==    by 0x48FF90F: wait_for_reply (xcb_in.c:522)
==617525==    by 0x4900B45: xcb_wait_for_reply (xcb_in.c:552)
==617525== 32 bytes in 1 blocks are definitely lost in loss record 2 of 4
==617525==    at 0x484F7A8: malloc (vg_replace_malloc.c:446)
==617525==    by 0x48FEBC3: UnknownInlinedFun (xcb_in.c:265)
==617525==    by 0x48FEBC3: _xcb_in_read (xcb_in.c:1042)
==617525==    by 0x48FF3AE: _xcb_conn_wait.part.0 (xcb_conn.c:546)
==617525==    by 0x48FF90F: UnknownInlinedFun (xcb_conn.c:476)
==617525==    by 0x48FF90F: wait_for_reply (xcb_in.c:522)
==617525==    by 0x4900B45: xcb_wait_for_reply (xcb_in.c:552)
==617525==    by 0x4003A96: _inter_atom_helper(xcb_connection_t*, bool, char const*) (in /home/yutsuna/Epitech/Tek2/Cpp/Vulkan-Engine/vulkan_engine)
==617525==    by 0x4003E88: vk::detail::VK_XCBWindow::_setup() (in /home/yutsuna/Epitech/Tek2/Cpp/Vulkan-Engine/vulkan_engine)
==617525==    by 0x4003A96: _inter_atom_helper(xcb_connection_t*, bool, char const*) (in /home/yutsuna/Epitech/Tek2/Cpp/Vulkan-Engine/vulkan_engine)
==617525==    by 0x4003E88: vk::detail::VK_XCBWindow::_setup() (in /home/yutsuna/Epitech/Tek2/Cpp/Vulkan-Engine/vulkan_engine)
==617525==    by 0x4003ADD: vk::detail::VK_XCBWindow::_create() (in /home/yutsuna/Epitech/Tek2/Cpp/Vulkan-Engine/vulkan_engine)
==617525==    by 0x4003ADD: vk::detail::VK_XCBWindow::_create() (in /home/yutsuna/Epitech/Tek2/Cpp/Vulkan-Engine/vulkan_engine)
==617525==    by 0x4003926: vk::detail::VK_XCBWindow::VK_XCBWindow(vk::maths::Vector<2ul, unsigned int> const&, std::__cxx11::basic_string<char, std::char_traits<char>, std::allocator<char> > const&) (in /home/yutsuna/Epitech/Tek2/Cpp/Vulkan-Engine/vulkan_engine)
==617525==    by 0x4003926: vk::detail::VK_XCBWindow::VK_XCBWindow(vk::maths::Vector<2ul, unsigned int> const&, std::__cxx11::basic_string<char, std::char_traits<char>, std::allocator<char> > const&) (in /home/yutsuna/Epitech/Tek2/Cpp/Vulkan-Engine/vulkan_engine)
==617525==    by 0x40048F1: std::__detail::_MakeUniq<vk::detail::VK_XCBWindow>::__single_object std::make_unique<vk::detail::VK_XCBWindow, vk::maths::Vector<2ul, unsigned int> const&, std::__cxx11::basic_string<char, std::char_traits<char>, std::allocator<char> > const&>(vk::maths::Vector<2ul, unsigned int> const&, std::__cxx11::basic_string<char, std::char_traits<char>, std::allocator<char> > const&) (in /home/yutsuna/Epitech/Tek2/Cpp/Vulkan-Engine/vulkan_engine)
==617525==    by 0x40048F1: std::__detail::_MakeUniq<vk::detail::VK_XCBWindow>::__single_object std::make_unique<vk::detail::VK_XCBWindow, vk::maths::Vector<2ul, unsigned int> const&, std::__cxx11::basic_string<char, std::char_traits<char>, std::allocator<char> > const&>(vk::maths::Vector<2ul, unsigned int> const&, std::__cxx11::basic_string<char, std::char_traits<char>, std::allocator<char> > const&) (in /home/yutsuna/Epitech/Tek2/Cpp/Vulkan-Engine/vulkan_engine)
==617525==    by 0x40045ED: vk::Window::Window(vk::maths::Vector<2ul, unsigned int> const&, std::__cxx11::basic_string<char, std::char_traits<char>, std::allocator<char> > const&) (in /home/yutsuna/Epitech/Tek2/Cpp/Vulkan-Engine/vulkan_engine)
==617525==    by 0x4002A6E: std::__detail::_MakeUniq<vk::Window>::__single_object std::make_unique<vk::Window, vk::maths::Vector<2ul, unsigned int> const&, char const (&) [14]>(vk::maths::Vector<2ul, unsigned int> const&, char const (&) [14]) (in /home/yutsuna/Epitech/Tek2/Cpp/Vulkan-Engine/vulkan_engine)
==617525== 
==617525== 27,932 (21,176 direct, 6,756 indirect) bytes in 1 blocks are definitely lost in loss record 4 of 4
==617525==    at 0x4856C13: calloc (vg_replace_malloc.c:1675)
==617525==    by 0x4901F05: xcb_connect_to_fd (xcb_conn.c:368)
==617525==    by 0x490278D: xcb_connect_to_display_with_auth_info (xcb_util.c:568)
==617525==    by 0x4003BD7: vk::detail::VK_XCBWindow::_connect() (in /home/yutsuna/Epitech/Tek2/Cpp/Vulkan-Engine/vulkan_engine)
==617525==    by 0x40045ED: vk::Window::Window(vk::maths::Vector<2ul, unsigned int> const&, std::__cxx11::basic_string<char, std::char_traits<char>, std::allocator<char> > const&) (in /home/yutsuna/Epitech/Tek2/Cpp/Vulkan-Engine/vulkan_engine)
==617525==    by 0x4002A6E: std::__detail::_MakeUniq<vk::Window>::__single_object std::make_unique<vk::Window, vk::maths::Vector<2ul, unsigned int> const&, char const (&) [14]>(vk::maths::Vector<2ul, unsigned int> const&, char const (&) [14]) (in /home/yutsuna/Epitech/Tek2/Cpp/Vulkan-Engine/vulkan_engine)
==617525== 
==617525== 27,932 (21,176 direct, 6,756 indirect) bytes in 1 blocks are definitely lost in loss record 4 of 4
==617525==    at 0x4856C13: calloc (vg_replace_malloc.c:1675)
==617525==    by 0x4901F05: xcb_connect_to_fd (xcb_conn.c:368)
==617525==    by 0x490278D: xcb_connect_to_display_with_auth_info (xcb_util.c:568)
==617525==    by 0x4003BD7: vk::detail::VK_XCBWindow::_connect() (in /home/yutsuna/Epitech/Tek2/Cpp/Vulkan-Engine/vulkan_engine)
==617525==    by 0x4003AD1: vk::detail::VK_XCBWindow::_create() (in /home/yutsuna/Epitech/Tek2/Cpp/Vulkan-Engine/vulkan_engine)
==617525==    by 0x4003926: vk::detail::VK_XCBWindow::VK_XCBWindow(vk::maths::Vector<2ul, unsigned int> const&, std::__cxx11::basic_string<char, std::char_traits<char>, std::allocator<char> > const&) (in /home/yutsuna/Epitech/Tek2/Cpp/Vulkan-Engine/vulkan_engine)
==617525==    by 0x40048F1: std::__detail::_MakeUniq<vk::detail::VK_XCBWindow>::__single_object std::make_unique<vk::detail::VK_XCBWindow, vk::maths::Vector<2ul, unsigned int> const&, std::__cxx11::basic_string<char, std::char_traits<char>, std::allocator<char> > const&>(vk::maths::Vector<2ul, unsigned int> const&, std::__cxx11::basic_string<char, std::char_traits<char>, std::allocator<char> > const&) (in /home/yutsuna/Epitech/Tek2/Cpp/Vulkan-Engine/vulkan_engine)
==617525==    by 0x4003AD1: vk::detail::VK_XCBWindow::_create() (in /home/yutsuna/Epitech/Tek2/Cpp/Vulkan-Engine/vulkan_engine)
==617525==    by 0x4003926: vk::detail::VK_XCBWindow::VK_XCBWindow(vk::maths::Vector<2ul, unsigned int> const&, std::__cxx11::basic_string<char, std::char_traits<char>, std::allocator<char> > const&) (in /home/yutsuna/Epitech/Tek2/Cpp/Vulkan-Engine/vulkan_engine)
==617525==    by 0x40048F1: std::__detail::_MakeUniq<vk::detail::VK_XCBWindow>::__single_object std::make_unique<vk::detail::VK_XCBWindow, vk::maths::Vector<2ul, unsigned int> const&, std::__cxx11::basic_string<char, std::char_traits<char>, std::allocator<char> > const&>(vk::maths::Vector<2ul, unsigned int> const&, std::__cxx11::basic_string<char, std::char_traits<char>, std::allocator<char> > const&) (in /home/yutsuna/Epitech/Tek2/Cpp/Vulkan-Engine/vulkan_engine)
==617525==    by 0x40045ED: vk::Window::Window(vk::maths::Vector<2ul, unsigned int> const&, std::__cxx11::basic_string<char, std::char_traits<char>, std::allocator<char> > const&) (in /home/yutsuna/Epitech/Tek2/Cpp/Vulkan-Engine/vulkan_engine)
==617525==    by 0x40045ED: vk::Window::Window(vk::maths::Vector<2ul, unsigned int> const&, std::__cxx11::basic_string<char, std::char_traits<char>, std::allocator<char> > const&) (in /home/yutsuna/Epitech/Tek2/Cpp/Vulkan-Engine/vulkan_engine)
==617525==    by 0x4002A6E: std::__detail::_MakeUniq<vk::Window>::__single_object std::make_unique<vk::Window, vk::maths::Vector<2ul, unsigned int> const&, char const (&) [14]>(vk::maths::Vector<2ul, unsigned int> const&, char const (&) [14]) (in /home/yutsuna/Epitech/Tek2/Cpp/Vulkan-Engine/vulkan_engine)
==617525==    by 0x4002368: main (in /home/yutsuna/Epitech/Tek2/Cpp/Vulkan-Engine/vulkan_engine)
==617525== 
==617525== LEAK SUMMARY:
==617525==    by 0x4002A6E: std::__detail::_MakeUniq<vk::Window>::__single_object std::make_unique<vk::Window, vk::maths::Vector<2ul, unsigned int> const&, char const (&) [14]>(vk::maths::Vector<2ul, unsigned int> const&, char const (&) [14]) (in /home/yutsuna/Epitech/Tek2/Cpp/Vulkan-Engine/vulkan_engine)
==617525==    by 0x4002368: main (in /home/yutsuna/Epitech/Tek2/Cpp/Vulkan-Engine/vulkan_engine)
==617525== 
==617525== LEAK SUMMARY:
==617525==    definitely lost: 21,208 bytes in 2 blocks
==617525==    indirectly lost: 6,756 bytes in 2 blocks
==617525==      possibly lost: 0 bytes in 0 blocks
==617525==    definitely lost: 21,208 bytes in 2 blocks
==617525==    indirectly lost: 6,756 bytes in 2 blocks
==617525==      possibly lost: 0 bytes in 0 blocks
==617525==    still reachable: 0 bytes in 0 blocks
==617525==         suppressed: 0 bytes in 0 blocks
==617525== 
==617525== For lists of detected and suppressed errors, rerun with: -s
==617525==    still reachable: 0 bytes in 0 blocks
==617525==         suppressed: 0 bytes in 0 blocks
==617525== 
==617525== For lists of detected and suppressed errors, rerun with: -s
==617525== ERROR SUMMARY: 2 errors from 2 contexts (suppressed: 0 from 0)
==617525== ERROR SUMMARY: 2 errors from 2 contexts (suppressed: 0 from 0)
